This is pdfTeX, Version 3.14159265-2.6-1.40.20 (TeX Live 2019) (preloaded format=pdflatex 2019.8.18)  4 OCT 2020 18:28
entering extended mode
 restricted \write18 enabled.
 file:line:error style messages enabled.
 %&-line parsing enabled.
**updated_cv_2020.tex
(./updated_cv_2020.tex
LaTeX2e <2018-12-01>

! LaTeX Error: File `resume.cls' not found.

Type X to quit or <RETURN> to proceed,
or enter new name. (Default extension: cls)

Enter file name: 
./updated_cv_2020.tex:24: Emergency stop.
<read *> 
         
l.24 ^^M
        
End of file on the terminal!

 
Here is how much of TeX's memory you used:
 10 strings out of 494060
 212 string characters out of 6163035
 53286 words of memory out of 5000000
 3813 multiletter control sequences out of 15000+600000
 3640 words of font info for 14 fonts, out of 8000000 for 9000
 319 hyphenation exceptions out of 8191
 10i,0n,8p,111b,8s stack positions out of 5000i,500n,10000p,200000b,80000s
./updated_cv_2020.tex:24:  ==> Fatal error occurred, no output PDF file produce
d!
